{"name": "test_mail_server", "status": "broken", "statusDetails": {"message": "selenium.common.exceptions.TimeoutException: Message: Локатор ('xpath', '//span[contains(text(), \"Введите пароль\")]') не был найден\nStacktrace:\n\tGetHandleVerifier [0x00007FF6B59370C2+63090]\n\t(No symbol) [0x00007FF6B58A2D12]\n\t(No symbol) [0x00007FF6B573EC65]\n\t(No symbol) [0x00007FF6B578499D]\n\t(No symbol) [0x00007FF6B5784ADC]\n\t(No symbol) [0x00007FF6B57C5B37]\n\t(No symbol) [0x00007FF6B57A701F]\n\t(No symbol) [0x00007FF6B57C3412]\n\t(No symbol) [0x00007FF6B57A6D83]\n\t(No symbol) [0x00007FF6B57783A8]\n\t(No symbol) [0x00007FF6B5779441]\n\tGetHandleVerifier [0x00007FF6B5D3262D+4238301]\n\tGetHandleVerifier [0x00007FF6B5D6F78D+4488509]\n\tGetHandleVerifier [0x00007FF6B5D67A6F+4456479]\n\tGetHandleVerifier [0x00007FF6B5A10606+953270]\n\t(No symbol) [0x00007FF6B58AE5DF]\n\t(No symbol) [0x00007FF6B58A92B4]\n\t(No symbol) [0x00007FF6B58A93EB]\n\t(No symbol) [0x00007FF6B5899C24]\n\tBaseThreadInitThunk [0x00007FFC51E67344+20]\n\tRtlUserThreadStart [0x00007FFC53C226B1+33]", "trace": "browser = <selenium.webdriver.chrome.webdriver.WebDriver (session=\"8d8b99dda36e2df52ef56c4baa03b2d0\")>\nenv = <class 'config.Env'>\n\n    @allure.feature('GOOGLE')\n    @allure.story('Авторизация на почтовом сервере и рассылка писем')\n    def test_mail_server(browser, env):\n        with allure.step(\"Инициализация страницы почты\"):\n            mail_steps = MailPageActions(browser)\n            mail_steps.go_to_site(url=mail_steps.fake_url)\n            mail_steps.go_to_site(url=mail_steps.base_url)\n    \n        with allure.step(\"Авторизация\"):\n            get_current_page = mail_steps.get_page_status_code(browser.current_url)\n            mail_steps.input_login_or_phone(login_or_phone=env.login)\n            mail_steps.assertions.assertion_status_code(get_current_page, 200)\n            mail_steps.click_to_next_button()\n>           mail_steps.input_password(password=env.password)\n\ntest_mail.py:22: \n_ _ _ _ _ _ _ _ _ _ _ _ _ _ _ _ _ _ _ _ _ _ _ _ _ _ _ _ _ _ _ _ _ _ _ _ _ _ _ _ _ _ _ _ _ _ _ _ _ _ _ _\nMailPage.py:39: in input_password\n    return self.find_element(MailPageLocators.LOCATOR_PASSWORD_INPUT).send_keys(f'{password}')\nBase.py:18: in find_element\n    return WebDriverWait(self.driver, time).until(EC.presence_of_element_located(locator),\n_ _ _ _ _ _ _ _ _ _ _ _ _ _ _ _ _ _ _ _ _ _ _ _ _ _ _ _ _ _ _ _ _ _ _ _ _ _ _ _ _ _ _ _ _ _ _ _ _ _ _ _\n\nself = <selenium.webdriver.support.wait.WebDriverWait (session=\"8d8b99dda36e2df52ef56c4baa03b2d0\")>\nmethod = <function presence_of_element_located.<locals>._predicate at 0x000001D60F8F4B80>\nmessage = 'Локатор (\\'xpath\\', \\'//span[contains(text(), \"Введите пароль\")]\\') не был найден'\n\n    def until(self, method: Callable[[D], Union[Literal[False], T]], message: str = \"\") -> T:\n        \"\"\"Calls the method provided with the driver as an argument until the \\\n        return value does not evaluate to ``False``.\n    \n        :param method: callable(WebDriver)\n        :param message: optional message for :exc:`TimeoutException`\n        :returns: the result of the last call to `method`\n        :raises: :exc:`selenium.common.exceptions.TimeoutException` if timeout occurs\n        \"\"\"\n        screen = None\n        stacktrace = None\n    \n        end_time = time.monotonic() + self._timeout\n        while True:\n            try:\n                value = method(self._driver)\n                if value:\n                    return value\n            except self._ignored_exceptions as exc:\n                screen = getattr(exc, \"screen\", None)\n                stacktrace = getattr(exc, \"stacktrace\", None)\n            time.sleep(self._poll)\n            if time.monotonic() > end_time:\n                break\n>       raise TimeoutException(message, screen, stacktrace)\nE       selenium.common.exceptions.TimeoutException: Message: Локатор ('xpath', '//span[contains(text(), \"Введите пароль\")]') не был найден\nE       Stacktrace:\nE       \tGetHandleVerifier [0x00007FF6B59370C2+63090]\nE       \t(No symbol) [0x00007FF6B58A2D12]\nE       \t(No symbol) [0x00007FF6B573EC65]\nE       \t(No symbol) [0x00007FF6B578499D]\nE       \t(No symbol) [0x00007FF6B5784ADC]\nE       \t(No symbol) [0x00007FF6B57C5B37]\nE       \t(No symbol) [0x00007FF6B57A701F]\nE       \t(No symbol) [0x00007FF6B57C3412]\nE       \t(No symbol) [0x00007FF6B57A6D83]\nE       \t(No symbol) [0x00007FF6B57783A8]\nE       \t(No symbol) [0x00007FF6B5779441]\nE       \tGetHandleVerifier [0x00007FF6B5D3262D+4238301]\nE       \tGetHandleVerifier [0x00007FF6B5D6F78D+4488509]\nE       \tGetHandleVerifier [0x00007FF6B5D67A6F+4456479]\nE       \tGetHandleVerifier [0x00007FF6B5A10606+953270]\nE       \t(No symbol) [0x00007FF6B58AE5DF]\nE       \t(No symbol) [0x00007FF6B58A92B4]\nE       \t(No symbol) [0x00007FF6B58A93EB]\nE       \t(No symbol) [0x00007FF6B5899C24]\nE       \tBaseThreadInitThunk [0x00007FFC51E67344+20]\nE       \tRtlUserThreadStart [0x00007FFC53C226B1+33]\n\n..\\.venv\\lib\\site-packages\\selenium\\webdriver\\support\\wait.py:105: TimeoutException"}, "steps": [{"name": "Инициализация страницы почты", "status": "passed", "steps": [{"name": "Переход на заданную страницу", "status": "passed", "parameters": [{"name": "url", "value": "'https://www.randomlists.com/urls'"}], "start": 1711883253381, "stop": 1711883294502}, {"name": "Переход на заданную страницу", "status": "passed", "parameters": [{"name": "url", "value": "'https://mail.google.com/'"}], "start": 1711883294502, "stop": 1711883295595}], "start": 1711883253381, "stop": 1711883295595}, {"name": "Авторизация", "status": "broken", "statusDetails": {"message": "selenium.common.exceptions.TimeoutException: Message: Локатор ('xpath', '//span[contains(text(), \"Введите пароль\")]') не был найден\nStacktrace:\n\tGetHandleVerifier [0x00007FF6B59370C2+63090]\n\t(No symbol) [0x00007FF6B58A2D12]\n\t(No symbol) [0x00007FF6B573EC65]\n\t(No symbol) [0x00007FF6B578499D]\n\t(No symbol) [0x00007FF6B5784ADC]\n\t(No symbol) [0x00007FF6B57C5B37]\n\t(No symbol) [0x00007FF6B57A701F]\n\t(No symbol) [0x00007FF6B57C3412]\n\t(No symbol) [0x00007FF6B57A6D83]\n\t(No symbol) [0x00007FF6B57783A8]\n\t(No symbol) [0x00007FF6B5779441]\n\tGetHandleVerifier [0x00007FF6B5D3262D+4238301]\n\tGetHandleVerifier [0x00007FF6B5D6F78D+4488509]\n\tGetHandleVerifier [0x00007FF6B5D67A6F+4456479]\n\tGetHandleVerifier [0x00007FF6B5A10606+953270]\n\t(No symbol) [0x00007FF6B58AE5DF]\n\t(No symbol) [0x00007FF6B58A92B4]\n\t(No symbol) [0x00007FF6B58A93EB]\n\t(No symbol) [0x00007FF6B5899C24]\n\tBaseThreadInitThunk [0x00007FFC51E67344+20]\n\tRtlUserThreadStart [0x00007FFC53C226B1+33]\n\n", "trace": "  File \"C:\\Users\\ButerBrodsky\\PycharmProjects\\QA_Comita_digital\\software\\test_mail.py\", line 22, in test_mail_server\n    mail_steps.input_password(password=env.password)\n  File \"C:\\Users\\ButerBrodsky\\PycharmProjects\\QA_Comita_digital\\.venv\\lib\\site-packages\\allure_commons\\_allure.py\", line 192, in impl\n    return func(*a, **kw)\n  File \"C:\\Users\\ButerBrodsky\\PycharmProjects\\QA_Comita_digital\\software\\MailPage.py\", line 39, in input_password\n    return self.find_element(MailPageLocators.LOCATOR_PASSWORD_INPUT).send_keys(f'{password}')\n  File \"C:\\Users\\ButerBrodsky\\PycharmProjects\\QA_Comita_digital\\.venv\\lib\\site-packages\\allure_commons\\_allure.py\", line 192, in impl\n    return func(*a, **kw)\n  File \"C:\\Users\\ButerBrodsky\\PycharmProjects\\QA_Comita_digital\\software\\Base.py\", line 18, in find_element\n    return WebDriverWait(self.driver, time).until(EC.presence_of_element_located(locator),\n  File \"C:\\Users\\ButerBrodsky\\PycharmProjects\\QA_Comita_digital\\.venv\\lib\\site-packages\\selenium\\webdriver\\support\\wait.py\", line 105, in until\n    raise TimeoutException(message, screen, stacktrace)\n"}, "steps": [{"name": "Получение статус-кода страницы", "status": "passed", "parameters": [{"name": "page", "value": "'https://accounts.google.com/v3/signin/identifier?continue=https%3A%2F%2Fmail.google.com%2Fmail%2Fu%2F0%2F&emr=1&followup=https%3A%2F%2Fmail.google.com%2Fmail%2Fu%2F0%2F&ifkv=ARZ0qKIDqbaPRbdcs1ODPkZ-0VDiB3REKA-_i9n9LDYbYDG8dTneJAsYQmjMJigEFWemPoVMzXD6eQ&osid=1&passive=1209600&service=mail&flowName=GlifWebSignIn&flowEntry=ServiceLogin&dsh=S-721308136%3A1711883290591287&theme=mn&ddm=0'"}], "start": 1711883295600, "stop": 1711883295817}, {"name": "Ввод почты или телефона", "status": "passed", "steps": [{"name": "Поиск элемента", "status": "passed", "parameters": [{"name": "locator", "value": "('css selector', 'input[type=\"email\"][name=\"identifier\"]')"}, {"name": "time", "value": "10"}], "start": 1711883295817, "stop": 1711883295829}], "parameters": [{"name": "login_or_phone", "value": "'fake-mail@gmail.com'"}], "start": 1711883295817, "stop": 1711883295923}, {"name": "Проверка ожидаемого статус-кода", "status": "passed", "parameters": [{"name": "response", "value": "<Response [200]>"}, {"name": "status", "value": "200"}], "start": 1711883295923, "stop": 1711883295923}, {"name": "Нажать кнопку \"Далее\"", "status": "passed", "steps": [{"name": "Поиск элемента", "status": "passed", "parameters": [{"name": "locator", "value": "('xpath', '//span[contains(text(), \"Далее\")]')"}, {"name": "time", "value": "10"}], "start": 1711883295923, "stop": 1711883295934}], "start": 1711883295923, "stop": 1711883296040}, {"name": "Ввод пароля", "status": "broken", "statusDetails": {"message": "selenium.common.exceptions.TimeoutException: Message: Локатор ('xpath', '//span[contains(text(), \"Введите пароль\")]') не был найден\nStacktrace:\n\tGetHandleVerifier [0x00007FF6B59370C2+63090]\n\t(No symbol) [0x00007FF6B58A2D12]\n\t(No symbol) [0x00007FF6B573EC65]\n\t(No symbol) [0x00007FF6B578499D]\n\t(No symbol) [0x00007FF6B5784ADC]\n\t(No symbol) [0x00007FF6B57C5B37]\n\t(No symbol) [0x00007FF6B57A701F]\n\t(No symbol) [0x00007FF6B57C3412]\n\t(No symbol) [0x00007FF6B57A6D83]\n\t(No symbol) [0x00007FF6B57783A8]\n\t(No symbol) [0x00007FF6B5779441]\n\tGetHandleVerifier [0x00007FF6B5D3262D+4238301]\n\tGetHandleVerifier [0x00007FF6B5D6F78D+4488509]\n\tGetHandleVerifier [0x00007FF6B5D67A6F+4456479]\n\tGetHandleVerifier [0x00007FF6B5A10606+953270]\n\t(No symbol) [0x00007FF6B58AE5DF]\n\t(No symbol) [0x00007FF6B58A92B4]\n\t(No symbol) [0x00007FF6B58A93EB]\n\t(No symbol) [0x00007FF6B5899C24]\n\tBaseThreadInitThunk [0x00007FFC51E67344+20]\n\tRtlUserThreadStart [0x00007FFC53C226B1+33]\n\n", "trace": "  File \"C:\\Users\\ButerBrodsky\\PycharmProjects\\QA_Comita_digital\\.venv\\lib\\site-packages\\allure_commons\\_allure.py\", line 192, in impl\n    return func(*a, **kw)\n  File \"C:\\Users\\ButerBrodsky\\PycharmProjects\\QA_Comita_digital\\software\\MailPage.py\", line 39, in input_password\n    return self.find_element(MailPageLocators.LOCATOR_PASSWORD_INPUT).send_keys(f'{password}')\n  File \"C:\\Users\\ButerBrodsky\\PycharmProjects\\QA_Comita_digital\\.venv\\lib\\site-packages\\allure_commons\\_allure.py\", line 192, in impl\n    return func(*a, **kw)\n  File \"C:\\Users\\ButerBrodsky\\PycharmProjects\\QA_Comita_digital\\software\\Base.py\", line 18, in find_element\n    return WebDriverWait(self.driver, time).until(EC.presence_of_element_located(locator),\n  File \"C:\\Users\\ButerBrodsky\\PycharmProjects\\QA_Comita_digital\\.venv\\lib\\site-packages\\selenium\\webdriver\\support\\wait.py\", line 105, in until\n    raise TimeoutException(message, screen, stacktrace)\n"}, "steps": [{"name": "Поиск элемента", "status": "broken", "statusDetails": {"message": "selenium.common.exceptions.TimeoutException: Message: Локатор ('xpath', '//span[contains(text(), \"Введите пароль\")]') не был найден\nStacktrace:\n\tGetHandleVerifier [0x00007FF6B59370C2+63090]\n\t(No symbol) [0x00007FF6B58A2D12]\n\t(No symbol) [0x00007FF6B573EC65]\n\t(No symbol) [0x00007FF6B578499D]\n\t(No symbol) [0x00007FF6B5784ADC]\n\t(No symbol) [0x00007FF6B57C5B37]\n\t(No symbol) [0x00007FF6B57A701F]\n\t(No symbol) [0x00007FF6B57C3412]\n\t(No symbol) [0x00007FF6B57A6D83]\n\t(No symbol) [0x00007FF6B57783A8]\n\t(No symbol) [0x00007FF6B5779441]\n\tGetHandleVerifier [0x00007FF6B5D3262D+4238301]\n\tGetHandleVerifier [0x00007FF6B5D6F78D+4488509]\n\tGetHandleVerifier [0x00007FF6B5D67A6F+4456479]\n\tGetHandleVerifier [0x00007FF6B5A10606+953270]\n\t(No symbol) [0x00007FF6B58AE5DF]\n\t(No symbol) [0x00007FF6B58A92B4]\n\t(No symbol) [0x00007FF6B58A93EB]\n\t(No symbol) [0x00007FF6B5899C24]\n\tBaseThreadInitThunk [0x00007FFC51E67344+20]\n\tRtlUserThreadStart [0x00007FFC53C226B1+33]\n\n", "trace": "  File \"C:\\Users\\ButerBrodsky\\PycharmProjects\\QA_Comita_digital\\.venv\\lib\\site-packages\\allure_commons\\_allure.py\", line 192, in impl\n    return func(*a, **kw)\n  File \"C:\\Users\\ButerBrodsky\\PycharmProjects\\QA_Comita_digital\\software\\Base.py\", line 18, in find_element\n    return WebDriverWait(self.driver, time).until(EC.presence_of_element_located(locator),\n  File \"C:\\Users\\ButerBrodsky\\PycharmProjects\\QA_Comita_digital\\.venv\\lib\\site-packages\\selenium\\webdriver\\support\\wait.py\", line 105, in until\n    raise TimeoutException(message, screen, stacktrace)\n"}, "parameters": [{"name": "locator", "value": "('xpath', '//span[contains(text(), \"Введите пароль\")]')"}, {"name": "time", "value": "10"}], "start": 1711883296041, "stop": 1711883306478}], "parameters": [{"name": "password", "value": "'non_password_1'"}], "start": 1711883296041, "stop": 1711883306479}], "start": 1711883295595, "stop": 1711883306480}], "start": 1711883253381, "stop": 1711883306481, "uuid": "b581136d-4483-458d-9bc6-0c2c73254910", "historyId": "eb3a71e74c20a673e4f7c35b890def74", "testCaseId": "eb3a71e74c20a673e4f7c35b890def74", "fullName": "software.test_mail#test_mail_server", "labels": [{"name": "feature", "value": "GOOGLE"}, {"name": "story", "value": "Авторизация на почтовом сервере и рассылка писем"}, {"name": "parentSuite", "value": "software"}, {"name": "suite", "value": "test_mail"}, {"name": "host", "value": "dima"}, {"name": "thread", "value": "8944-MainThread"}, {"name": "framework", "value": "pytest"}, {"name": "language", "value": "cpython3"}, {"name": "package", "value": "software.test_mail"}]}